#-----------------------------------------------------------
# Vivado v2019.2 (64-bit)
# SW Build 2708876 on Wed Nov  6 21:40:23 MST 2019
# IP Build 2700528 on Thu Nov  7 00:09:20 MST 2019
# Start of session at: Thu Jan 26 22:10:35 2023
# Process ID: 4616
# Current directory: D:/Practice/Cortex_M_LED_interface
# Command line: vivado.exe -gui_launcher_event rodinguilauncherevent3912 D:\Practice\Cortex_M_LED_interface\Cortex_M_LED_interface.xpr
# Log file: D:/Practice/Cortex_M_LED_interface/vivado.log
# Journal file: D:/Practice/Cortex_M_LED_interface\vivado.jou
#-----------------------------------------------------------
start_gui
open_project D:/Practice/Cortex_M_LED_interface/Cortex_M_LED_interface.xpr
Scanning sources...
Finished scanning sources
INFO: [IP_Flow 19-234] Refreshing IP repositories
INFO: [IP_Flow 19-1704] No user IP repositories specified
INFO: [IP_Flow 19-2313] Loaded Vivado IP repository 'D:/Vivado/2019.2/data/ip'.
open_project: Time (s): cpu = 00:00:27 ; elapsed = 00:00:52 . Memory (MB): peak = 668.512 ; gain = 98.672
update_compile_order -fileset sources_1
exit
INFO: [Common 17-206] Exiting Vivado at Thu Jan 26 23:46:49 2023...
